C:\USERS\SKY\DOCUMENTS\VISUAL STUDIO 2012\PROJECTS\MYFRAMEWORK\MYFRAMEWORK\DEBUG\GAME.OBJ
C:\USERS\SKY\DOCUMENTS\VISUAL STUDIO 2012\PROJECTS\MYFRAMEWORK\MYFRAMEWORK\DEBUG\GRAPHICS.OBJ
C:\USERS\SKY\DOCUMENTS\VISUAL STUDIO 2012\PROJECTS\MYFRAMEWORK\MYFRAMEWORK\DEBUG\INPUT.OBJ
C:\USERS\SKY\DOCUMENTS\VISUAL STUDIO 2012\PROJECTS\MYFRAMEWORK\MYFRAMEWORK\DEBUG\KEYBOARD.OBJ
C:\USERS\SKY\DOCUMENTS\VISUAL STUDIO 2012\PROJECTS\MYFRAMEWORK\MYFRAMEWORK\DEBUG\PLAYERJUMPINGSTATE.OBJ
C:\USERS\SKY\DOCUMENTS\VISUAL STUDIO 2012\PROJECTS\MYFRAMEWORK\MYFRAMEWORK\DEBUG\PLAYERRUNNINGSTATE.OBJ
C:\USERS\SKY\DOCUMENTS\VISUAL STUDIO 2012\PROJECTS\MYFRAMEWORK\MYFRAMEWORK\DEBUG\PLAYERSPRITE.OBJ
C:\USERS\SKY\DOCUMENTS\VISUAL STUDIO 2012\PROJECTS\MYFRAMEWORK\MYFRAMEWORK\DEBUG\PLAYERSTANDINGSTATE.OBJ
C:\USERS\SKY\DOCUMENTS\VISUAL STUDIO 2012\PROJECTS\MYFRAMEWORK\MYFRAMEWORK\DEBUG\TEXTURE.OBJ
C:\USERS\SKY\DOCUMENTS\VISUAL STUDIO 2012\PROJECTS\MYFRAMEWORK\MYFRAMEWORK\DEBUG\TEXTUREARRAY.OBJ
C:\USERS\SKY\DOCUMENTS\VISUAL STUDIO 2012\PROJECTS\MYFRAMEWORK\MYFRAMEWORK\DEBUG\TILE.OBJ
C:\USERS\SKY\DOCUMENTS\VISUAL STUDIO 2012\PROJECTS\MYFRAMEWORK\MYFRAMEWORK\DEBUG\TILEMAP.OBJ
C:\USERS\SKY\DOCUMENTS\VISUAL STUDIO 2012\PROJECTS\MYFRAMEWORK\MYFRAMEWORK\DEBUG\VIEWPORT.OBJ
C:\USERS\SKY\DOCUMENTS\VISUAL STUDIO 2012\PROJECTS\MYFRAMEWORK\MYFRAMEWORK\DEBUG\WINDOWINIT.OBJ
C:\USERS\SKY\DOCUMENTS\VISUAL STUDIO 2012\PROJECTS\MYFRAMEWORK\MYFRAMEWORK\DEBUG\VC110.PDB
C:\USERS\SKY\DOCUMENTS\VISUAL STUDIO 2012\PROJECTS\MYFRAMEWORK\DEBUG\MYFRAMEWORK.ILK
C:\USERS\SKY\DOCUMENTS\VISUAL STUDIO 2012\PROJECTS\MYFRAMEWORK\DEBUG\MYFRAMEWORK.EXE
C:\USERS\SKY\DOCUMENTS\VISUAL STUDIO 2012\PROJECTS\MYFRAMEWORK\DEBUG\MYFRAMEWORK.PDB
C:\Users\Sky\Documents\Visual Studio 2012\Projects\MyFrameWork\MyFrameWork\Debug\Game.obj
C:\Users\Sky\Documents\Visual Studio 2012\Projects\MyFrameWork\MyFrameWork\Debug\Graphics.obj
C:\Users\Sky\Documents\Visual Studio 2012\Projects\MyFrameWork\MyFrameWork\Debug\Input.obj
C:\Users\Sky\Documents\Visual Studio 2012\Projects\MyFrameWork\MyFrameWork\Debug\KeyBoard.obj
C:\Users\Sky\Documents\Visual Studio 2012\Projects\MyFrameWork\MyFrameWork\Debug\PlayerJumpingState.obj
C:\Users\Sky\Documents\Visual Studio 2012\Projects\MyFrameWork\MyFrameWork\Debug\PlayerRunningState.obj
C:\Users\Sky\Documents\Visual Studio 2012\Projects\MyFrameWork\MyFrameWork\Debug\PlayerSprite.obj
C:\Users\Sky\Documents\Visual Studio 2012\Projects\MyFrameWork\MyFrameWork\Debug\PlayerStandingState.obj
C:\Users\Sky\Documents\Visual Studio 2012\Projects\MyFrameWork\MyFrameWork\Debug\Texture.obj
C:\Users\Sky\Documents\Visual Studio 2012\Projects\MyFrameWork\MyFrameWork\Debug\TextureArray.obj
C:\Users\Sky\Documents\Visual Studio 2012\Projects\MyFrameWork\MyFrameWork\Debug\Tile.obj
C:\Users\Sky\Documents\Visual Studio 2012\Projects\MyFrameWork\MyFrameWork\Debug\TileMap.obj
C:\Users\Sky\Documents\Visual Studio 2012\Projects\MyFrameWork\MyFrameWork\Debug\ViewPort.obj
C:\Users\Sky\Documents\Visual Studio 2012\Projects\MyFrameWork\MyFrameWork\Debug\WindowInit.obj
C:\Users\Sky\Documents\Visual Studio 2012\Projects\MyFrameWork\MyFrameWork\Debug\cl.command.1.tlog
C:\Users\Sky\Documents\Visual Studio 2012\Projects\MyFrameWork\MyFrameWork\Debug\CL.read.1.tlog
C:\Users\Sky\Documents\Visual Studio 2012\Projects\MyFrameWork\MyFrameWork\Debug\CL.write.1.tlog
C:\Users\Sky\Documents\Visual Studio 2012\Projects\MyFrameWork\MyFrameWork\Debug\link-cvtres.read.1.tlog
C:\Users\Sky\Documents\Visual Studio 2012\Projects\MyFrameWork\MyFrameWork\Debug\link-cvtres.write.1.tlog
C:\Users\Sky\Documents\Visual Studio 2012\Projects\MyFrameWork\MyFrameWork\Debug\link-rc.read.1.tlog
C:\Users\Sky\Documents\Visual Studio 2012\Projects\MyFrameWork\MyFrameWork\Debug\link-rc.write.1.tlog
C:\Users\Sky\Documents\Visual Studio 2012\Projects\MyFrameWork\MyFrameWork\Debug\link.command.1.tlog
C:\Users\Sky\Documents\Visual Studio 2012\Projects\MyFrameWork\MyFrameWork\Debug\link.read.1.tlog
C:\Users\Sky\Documents\Visual Studio 2012\Projects\MyFrameWork\MyFrameWork\Debug\link.write.1.tlog
C:\Users\Sky\Documents\Visual Studio 2012\Projects\MyFrameWork\MyFrameWork\Debug\vc110.idb
C:\Users\Sky\Documents\Visual Studio 2012\Projects\MyFrameWork\MyFrameWork\Debug\vc110.pdb
C:\Users\Sky\Documents\Visual Studio 2012\Projects\MyFrameWork\Debug\MyFrameWork.pdb
C:\Users\Sky\Documents\Visual Studio 2012\Projects\MyFrameWork\Debug\MyFrameWork.exe
C:\Users\Sky\Documents\Visual Studio 2012\Projects\MyFrameWork\Debug\MyFrameWork.ilk
